count file not found
[33m
##############################################################
#
#   !!! MONGOOSE WARNING !!!
#
#   This is an UNSTABLE release of Mongoose.
#   Unstable releases are available for preview/testing only.
#   DO NOT run this in production.
#
##############################################################
[0m
Server: http://151.80.38.74:3000 -> cronCounter: 0
Cron File: /home/www.irfanmehmood.com/irfanmehmood.com/server/
--------------------------------------------------------------
Category: world | Cron Conter:0 | Time:19:26
--------------------------------------------------------------
cnn found : 25
sky found : 10
reuters found : 20
daily mail found : 120
bbc found : 26
--------------------------------------------------------------
Total Items Collected: 201
--------------------------------------------------------------
All Cache delete
---------------------------------
Total Items Scrapped: 201
latestNews: deleted -> Sun Dec 27 2015 19:26:12 GMT+0000 (GMT)
{ [Error: ENOENT, open '/home/www.irfanmehmood.com/irfanmehmood.com/server/cron.json']
  errno: 34,
  code: 'ENOENT',
  path: '/home/www.irfanmehmood.com/irfanmehmood.com/server/cron.json' }
